
**** Build of configuration Debug for project t399minisystem ****

"D:\\tasking\\ctc\\bin\\amk" -j8 all 
Compiling Com.c
ctc W588: ["..\component\Com\Implementation\Com.c" 13063/32] dead assignment to "doNotificationProcessing" eliminated
ctc W549: ["..\component\Com\Implementation\Com.c" 9789/5] condition is always true
ctc W549: ["..\component\Com\Implementation\Com.c" 10646/11] condition is always true
ctc W549: ["..\component\Com\Implementation\Com.c" 15394/14] condition is always true
ctc W549: ["..\component\Com\Implementation\Com.c" 15459/14] condition is always true
ctc W549: ["..\component\Com\Implementation\Com.c" 15524/14] condition is always true
ctc W549: ["..\component\Com\Implementation\Com.c" 15589/14] condition is always true
ctc W549: ["..\component\Com\Implementation\Com.c" 16786/14] condition is always true
ctc W549: ["..\component\Com\Implementation\Com.c" 17000/14] condition is always true
ctc W549: ["..\component\Com\Implementation\Com.c" 17074/14] condition is always true
ctc W549: ["..\component\Com\Implementation\Com.c" 17925/14] condition is always true
0 errors, 11 warnings
Linking to t399minisystem.elf

Time consumed: 5978 ms
**** End of build ****

Tool info: 
TASKING VX-toolset for TriCore: control program v6.3r1 Build 19041558
TASKING VX-toolset for TriCore: C compiler v6.3r1 Build 21092262 SN 73118428
TASKING VX-toolset for TriCore: assembler v6.3r1 Build 19041558
TASKING program builder v6.3r1 Build 19041558
TASKING VX-toolset for TriCore: object linker v6.3r1 Build 21092262 SN 73118428
